<?xml version="1.0" encoding="UTF-8"?>
<testng-results ignored="0" total="1" passed="1" failed="0" skipped="0">
  <reporter-output>
  </reporter-output>
  <suite started-at="2025-11-03T22:20:08 IST" name="Default suite" finished-at="2025-11-03T22:20:09 IST" duration-ms="832">
    <groups>
      <group name="regression">
        <method signature="LoginApiTest.loginApiTest()[pri:0, instance:com.api.tests.LoginApiTest@36bc55de]" name="loginApiTest" class="com.api.tests.LoginApiTest"/>
      </group> <!-- regression -->
      <group name="smoke">
        <method signature="LoginApiTest.loginApiTest()[pri:0, instance:com.api.tests.LoginApiTest@36bc55de]" name="loginApiTest" class="com.api.tests.LoginApiTest"/>
      </group> <!-- smoke -->
    </groups>
    <test started-at="2025-11-03T22:20:08 IST" name="Default test" finished-at="2025-11-03T22:20:09 IST" duration-ms="832">
      <class name="com.api.tests.LoginApiTest">
        <test-method signature="loginApiTest()[pri:0, instance:com.api.tests.LoginApiTest@36bc55de]" started-at="2025-11-03T22:20:08 IST" name="loginApiTest" description="to verify the login api" finished-at="2025-11-03T22:20:09 IST" duration-ms="820" status="PASS">
          <reporter-output>
          </reporter-output>
        </test-method> <!-- loginApiTest -->
      </class> <!-- com.api.tests.LoginApiTest -->
    </test> <!-- Default test -->
  </suite> <!-- Default suite -->
</testng-results>
